<?xml version="1.0" encoding="utf-8"?><testsuites name="pytest tests"><testsuite name="pytest" errors="0" failures="0" skipped="0" tests="18" time="10.252" timestamp="2026-02-13T22:49:15.505374+00:00" hostname="agent-env-a82d6891-eea9-42aa-82e6-f78c7ff50edc"><testcase classname="backend.tests.test_alerts_dashboard.TestAlertsDashboardAPI" name="test_alerts_dashboard_returns_200" time="0.467" /><testcase classname="backend.tests.test_alerts_dashboard.TestAlertsDashboardAPI" name="test_alerts_dashboard_returns_comprehensive_data" time="0.593" /><testcase classname="backend.tests.test_alerts_dashboard.TestAlertsDashboardAPI" name="test_alerts_dashboard_summary_metrics" time="0.907" /><testcase classname="backend.tests.test_alerts_dashboard.TestAlertsDashboardAPI" name="test_alerts_dashboard_trends" time="0.409" /><testcase classname="backend.tests.test_alerts_dashboard.TestAlertsDashboardAPI" name="test_alerts_dashboard_regional_heat_map" time="0.428" /><testcase classname="backend.tests.test_alerts_dashboard.TestAlertsDashboardAPI" name="test_alerts_dashboard_priority_queue" time="0.586" /><testcase classname="backend.tests.test_alerts_dashboard.TestAlertsDashboardAPI" name="test_alerts_dashboard_by_severity" time="0.378" /><testcase classname="backend.tests.test_alerts_dashboard.TestAlertsDashboardAPI" name="test_alerts_dashboard_filter_by_severity" time="0.404" /><testcase classname="backend.tests.test_alerts_dashboard.TestAlertsDashboardAPI" name="test_alerts_dashboard_filter_by_region" time="0.408" /><testcase classname="backend.tests.test_alerts_dashboard.TestAlertsDashboardAPI" name="test_alerts_dashboard_filter_by_time_period" time="1.093" /><testcase classname="backend.tests.test_alerts_dashboard.TestAlertsDashboardAPI" name="test_alerts_dashboard_filter_by_category" time="0.542" /><testcase classname="backend.tests.test_alerts_dashboard.TestAlertsDashboardAPI" name="test_alerts_dashboard_requires_auth" time="0.547" /><testcase classname="backend.tests.test_alerts_dashboard.TestAlertsDashboardAPI" name="test_alerts_dashboard_requires_admin_role" time="0.701" /><testcase classname="backend.tests.test_alerts_dashboard.TestAlertActions" name="test_acknowledge_alert" time="0.732" /><testcase classname="backend.tests.test_alerts_dashboard.TestAlertActions" name="test_intervene_warning_action" time="0.528" /><testcase classname="backend.tests.test_alerts_dashboard.TestAlertActions" name="test_intervene_suspend_action" time="0.594" /><testcase classname="backend.tests.test_alerts_dashboard.TestAlertActions" name="test_intervene_block_license_action" time="0.398" /><testcase classname="backend.tests.test_alerts_dashboard.TestAlertActions" name="test_intervene_requires_notes" time="0.416" /></testsuite></testsuites>