<?xml version="1.0" encoding="utf-8"?><testsuites name="pytest tests"><testsuite name="pytest" errors="0" failures="0" skipped="0" tests="11" time="2.571" timestamp="2026-02-19T22:51:33.762479+00:00" hostname="agent-env-598443d7-4fe9-4222-8d6f-5946f490fa28"><testcase classname="backend.tests.test_certificate_config.TestCertificateConfigAPIs" name="test_get_certificate_designs" time="0.213" /><testcase classname="backend.tests.test_certificate_config.TestCertificateConfigAPIs" name="test_get_seal_styles" time="0.193" /><testcase classname="backend.tests.test_certificate_config.TestCertificateConfigAPIs" name="test_get_font_options" time="0.190" /><testcase classname="backend.tests.test_certificate_config.TestCertificateConfigAPIs" name="test_get_certificate_config" time="0.191" /><testcase classname="backend.tests.test_certificate_config.TestCertificateConfigAPIs" name="test_update_certificate_config" time="0.274" /><testcase classname="backend.tests.test_certificate_config.TestCertificateConfigAPIs" name="test_upload_signature" time="0.256" /><testcase classname="backend.tests.test_certificate_config.TestCertificateConfigAPIs" name="test_upload_drawn_signature" time="0.225" /><testcase classname="backend.tests.test_certificate_config.TestCertificateConfigAPIs" name="test_send_certificate_with_config" time="0.392" /><testcase classname="backend.tests.test_certificate_config.TestQRVerification" name="test_verify_document_endpoint_exists" time="0.177" /><testcase classname="backend.tests.test_certificate_config.TestQRVerification" name="test_verify_with_hash" time="0.184" /><testcase classname="backend.tests.test_certificate_config.TestCitizenDocumentView" name="test_citizen_can_view_documents" time="0.206" /></testsuite></testsuites>