<?xml version="1.0" encoding="utf-8"?><testsuites name="pytest tests"><testsuite name="pytest" errors="0" failures="0" skipped="0" tests="9" time="3.939" timestamp="2026-02-19T15:42:55.215731+00:00" hostname="agent-env-e279b45c-3da9-4c53-b3cb-13b81d9fd6ae"><testcase classname="backend.tests.test_citizen_notifications.TestCitizenNotifications" name="test_get_notifications_authenticated" time="0.499" /><testcase classname="backend.tests.test_citizen_notifications.TestCitizenNotifications" name="test_get_notifications_unauthenticated" time="0.468" /><testcase classname="backend.tests.test_citizen_notifications.TestCitizenNotifications" name="test_notifications_have_required_fields" time="0.367" /><testcase classname="backend.tests.test_citizen_notifications.TestCitizenNotifications" name="test_notifications_sorted_by_created_at_descending" time="0.344" /><testcase classname="backend.tests.test_citizen_notifications.TestCitizenNotifications" name="test_mark_notification_as_read" time="0.807" /><testcase classname="backend.tests.test_citizen_notifications.TestCitizenNotifications" name="test_mark_read_unauthenticated" time="0.391" /><testcase classname="backend.tests.test_citizen_notifications.TestCitizenNotifications" name="test_notification_categories_and_priorities" time="0.326" /><testcase classname="backend.tests.test_citizen_notifications.TestCitizenNotifications" name="test_stats_counts" time="0.285" /><testcase classname="backend.tests.test_citizen_notifications.TestCitizenNotifications" name="test_notifications_with_action_url" time="0.303" /></testsuite></testsuites>