<?xml version="1.0" encoding="utf-8"?><testsuites name="pytest tests"><testsuite name="pytest" errors="0" failures="0" skipped="1" tests="36" time="5.884" timestamp="2026-02-20T15:40:10.410802+00:00" hostname="agent-env-ee7edef8-832c-4ad6-b70d-78e05d4d85ff"><testcase classname="tests.test_policy_enforcement.TestEnforcementStatus" name="test_enforcement_status_returns_200" time="0.429" /><testcase classname="tests.test_policy_enforcement.TestEnforcementStatus" name="test_enforcement_status_structure" time="0.066" /><testcase classname="tests.test_policy_enforcement.TestEnforcementStatus" name="test_enforcement_status_compliance_counts" time="0.067" /><testcase classname="tests.test_policy_enforcement.TestEnforcementStatus" name="test_enforcement_status_requires_admin" time="0.238" /><testcase classname="tests.test_policy_enforcement.TestManualEnforcementRun" name="test_manual_run_returns_200" time="0.105" /><testcase classname="tests.test_policy_enforcement.TestManualEnforcementRun" name="test_manual_run_returns_results" time="0.117" /><testcase classname="tests.test_policy_enforcement.TestManualEnforcementRun" name="test_manual_run_processed_count" time="0.148" /><testcase classname="tests.test_policy_enforcement.TestManualEnforcementRun" name="test_manual_run_requires_admin" time="0.088" /><testcase classname="tests.test_policy_enforcement.TestEnforcementHistory" name="test_history_returns_200" time="0.072" /><testcase classname="tests.test_policy_enforcement.TestEnforcementHistory" name="test_history_structure" time="0.083" /><testcase classname="tests.test_policy_enforcement.TestEnforcementHistory" name="test_history_with_limit" time="0.083" /><testcase classname="tests.test_policy_enforcement.TestEnforcementHistory" name="test_history_execution_structure" time="0.265" /><testcase classname="tests.test_policy_enforcement.TestEnforcementHistory" name="test_history_requires_admin" time="0.099" /><testcase classname="tests.test_policy_enforcement.TestSchedulerControl" name="test_scheduler_start_returns_200" time="0.088" /><testcase classname="tests.test_policy_enforcement.TestSchedulerControl" name="test_scheduler_start_response" time="0.067" /><testcase classname="tests.test_policy_enforcement.TestSchedulerControl" name="test_scheduler_stop_returns_200" time="0.195" /><testcase classname="tests.test_policy_enforcement.TestSchedulerControl" name="test_scheduler_stop_response" time="0.172" /><testcase classname="tests.test_policy_enforcement.TestSchedulerControl" name="test_scheduler_status_reflects_running" time="0.332" /><testcase classname="tests.test_policy_enforcement.TestSchedulerControl" name="test_scheduler_requires_admin" time="0.161" /><testcase classname="tests.test_policy_enforcement.TestUserEnforcementHistory" name="test_user_history_returns_200" time="0.139" /><testcase classname="tests.test_policy_enforcement.TestUserEnforcementHistory" name="test_user_history_structure" time="0.204" /><testcase classname="tests.test_policy_enforcement.TestUserEnforcementHistory" name="test_user_history_current_status" time="0.182" /><testcase classname="tests.test_policy_enforcement.TestUserEnforcementHistory" name="test_user_history_not_found" time="0.075" /><testcase classname="tests.test_policy_enforcement.TestUserEnforcementHistory" name="test_user_history_requires_admin" time="0.084" /><testcase classname="tests.test_policy_enforcement.TestReinstateUser" name="test_reinstate_requires_admin" time="0.071" /><testcase classname="tests.test_policy_enforcement.TestReinstateUser" name="test_reinstate_not_found" time="0.064" /><testcase classname="tests.test_policy_enforcement.TestReinstateUser" name="test_reinstate_not_suspended_user" time="0.224" /><testcase classname="tests.test_policy_enforcement.TestDealerTransactionBlocking" name="test_dealer_transaction_blocked_for_suspended" time="0.555"><skipped type="pytest.skip" message="Could not login as dealer">/app/backend/tests/test_policy_enforcement.py:408: Could not login as dealer</skipped></testcase><testcase classname="tests.test_policy_enforcement.TestEnforcementIntegration" name="test_enforcement_flow" time="0.233" /><testcase classname="tests.test_policy_enforcement.TestUnauthenticatedAccess" name="test_status_unauthenticated" time="0.118" /><testcase classname="tests.test_policy_enforcement.TestUnauthenticatedAccess" name="test_run_unauthenticated" time="0.126" /><testcase classname="tests.test_policy_enforcement.TestUnauthenticatedAccess" name="test_history_unauthenticated" time="0.113" /><testcase classname="tests.test_policy_enforcement.TestUnauthenticatedAccess" name="test_scheduler_start_unauthenticated" time="0.177" /><testcase classname="tests.test_policy_enforcement.TestUnauthenticatedAccess" name="test_scheduler_stop_unauthenticated" time="0.262" /><testcase classname="tests.test_policy_enforcement.TestUnauthenticatedAccess" name="test_reinstate_unauthenticated" time="0.165" /><testcase classname="tests.test_policy_enforcement.TestUnauthenticatedAccess" name="test_user_history_unauthenticated" time="0.123" /></testsuite></testsuites>