<?xml version="1.0" encoding="utf-8"?><testsuites name="pytest tests"><testsuite name="pytest" errors="0" failures="2" skipped="0" tests="20" time="2.358" timestamp="2026-02-20T14:39:06.672379+00:00" hostname="agent-env-f1cea6e6-4b07-431b-9488-a90117e726c6"><testcase classname="tests.test_firearms_fees.TestFirearmsFeesAPIs" name="test_01_demo_setup" time="0.271" /><testcase classname="tests.test_firearms_fees.TestFirearmsFeesAPIs" name="test_02_admin_login" time="0.074"><failure message="AssertionError: assert None == 'admin'&#10; +  where None = &lt;built-in method get of dict object at 0xf8dbf635d140&gt;('role')&#10; +    where &lt;built-in method get of dict object at 0xf8dbf635d140&gt; = {'message': 'Logged in as demo admin', 'session_token': 'demo_a980b36e36f94e0ba0b36bbee5da681f', 'user': {'created_at': '2026-02-16T09:19:27.792699+00:00', 'email': 'admin@aegis.gov', 'name': 'System Administrator', 'picture': None, ...}}.get">tests/test_firearms_fees.py:44: in test_02_admin_login
    assert data.get("role") == "admin"
E   AssertionError: assert None == 'admin'
E    +  where None = &lt;built-in method get of dict object at 0xf8dbf635d140&gt;('role')
E    +    where &lt;built-in method get of dict object at 0xf8dbf635d140&gt; = {'message': 'Logged in as demo admin', 'session_token': 'demo_a980b36e36f94e0ba0b36bbee5da681f', 'user': {'created_at': '2026-02-16T09:19:27.792699+00:00', 'email': 'admin@aegis.gov', 'name': 'System Administrator', 'picture': None, ...}}.get</failure></testcase><testcase classname="tests.test_firearms_fees.TestFirearmsFeesAPIs" name="test_03_citizen_login" time="0.135"><failure message="AssertionError: assert None == 'citizen'&#10; +  where None = &lt;built-in method get of dict object at 0xf8dbf5fa35c0&gt;('role')&#10; +    where &lt;built-in method get of dict object at 0xf8dbf5fa35c0&gt; = {'message': 'Logged in as demo citizen', 'session_token': 'demo_85f20e7b1b4d42f8b620d37c8ab4bd5a', 'user': {'created_at': '2026-02-16T09:19:27.757612+00:00', 'email': 'demo.citizen@aegis.gov', 'name': 'John Citizen', 'picture': 'https://images.unsplash.com/photo-1706827515530-ade374fa8178?w=150', ...}}.get">tests/test_firearms_fees.py:52: in test_03_citizen_login
    assert data.get("role") == "citizen"
E   AssertionError: assert None == 'citizen'
E    +  where None = &lt;built-in method get of dict object at 0xf8dbf5fa35c0&gt;('role')
E    +    where &lt;built-in method get of dict object at 0xf8dbf5fa35c0&gt; = {'message': 'Logged in as demo citizen', 'session_token': 'demo_85f20e7b1b4d42f8b620d37c8ab4bd5a', 'user': {'created_at': '2026-02-16T09:19:27.757612+00:00', 'email': 'demo.citizen@aegis.gov', 'name': 'John Citizen', 'picture': 'https://images.unsplash.com/photo-1706827515530-ade374fa8178?w=150', ...}}.get</failure></testcase><testcase classname="tests.test_firearms_fees.TestFirearmsFeesAPIs" name="test_04_fees_overview_requires_auth" time="0.198" /><testcase classname="tests.test_firearms_fees.TestFirearmsFeesAPIs" name="test_05_fees_overview_returns_correct_structure" time="0.062" /><testcase classname="tests.test_firearms_fees.TestFirearmsFeesAPIs" name="test_06_firearms_registry_requires_auth" time="0.188" /><testcase classname="tests.test_firearms_fees.TestFirearmsFeesAPIs" name="test_07_firearms_registry_returns_correct_structure" time="0.066" /><testcase classname="tests.test_firearms_fees.TestFirearmsFeesAPIs" name="test_08_firearms_registry_filters_work" time="0.180" /><testcase classname="tests.test_firearms_fees.TestFirearmsFeesAPIs" name="test_09_citizen_firearms_list_requires_auth" time="0.137" /><testcase classname="tests.test_firearms_fees.TestFirearmsFeesAPIs" name="test_10_citizen_firearms_list_returns_correct_structure" time="0.067" /><testcase classname="tests.test_firearms_fees.TestFirearmsFeesAPIs" name="test_11_citizen_register_firearm" time="0.078" /><testcase classname="tests.test_firearms_fees.TestFirearmsFeesAPIs" name="test_12_citizen_get_firearm_details" time="0.063" /><testcase classname="tests.test_firearms_fees.TestFirearmsFeesAPIs" name="test_13_citizen_update_firearm" time="0.141" /><testcase classname="tests.test_firearms_fees.TestFirearmsFeesAPIs" name="test_14_duplicate_serial_number_rejected" time="0.124" /><testcase classname="tests.test_firearms_fees.TestFirearmsFeesAPIs" name="test_15_citizen_fees_summary_requires_auth" time="0.120" /><testcase classname="tests.test_firearms_fees.TestFirearmsFeesAPIs" name="test_16_citizen_fees_summary_returns_correct_structure" time="0.101" /><testcase classname="tests.test_firearms_fees.TestFirearmsFeesAPIs" name="test_17_fees_reflect_registered_firearms" time="0.063" /><testcase classname="tests.test_firearms_fees.TestFirearmsFeesAPIs" name="test_18_registered_firearm_appears_in_registry" time="0.063" /><testcase classname="tests.test_firearms_fees.TestFirearmsFeesAPIs" name="test_19_fees_overview_includes_new_firearm" time="0.058" /><testcase classname="tests.test_firearms_fees.TestFirearmsFeesAPIs" name="test_20_cleanup_test_firearm" time="0.058" /></testsuite></testsuites>