<?xml version="1.0" encoding="utf-8"?><testsuites name="pytest tests"><testsuite name="pytest" errors="0" failures="0" skipped="0" tests="20" time="2.202" timestamp="2026-02-20T14:39:22.945749+00:00" hostname="agent-env-f1cea6e6-4b07-431b-9488-a90117e726c6"><testcase classname="tests.test_firearms_fees.TestFirearmsFeesAPIs" name="test_01_demo_setup" time="0.183" /><testcase classname="tests.test_firearms_fees.TestFirearmsFeesAPIs" name="test_02_admin_login" time="0.066" /><testcase classname="tests.test_firearms_fees.TestFirearmsFeesAPIs" name="test_03_citizen_login" time="0.122" /><testcase classname="tests.test_firearms_fees.TestFirearmsFeesAPIs" name="test_04_fees_overview_requires_auth" time="0.180" /><testcase classname="tests.test_firearms_fees.TestFirearmsFeesAPIs" name="test_05_fees_overview_returns_correct_structure" time="0.061" /><testcase classname="tests.test_firearms_fees.TestFirearmsFeesAPIs" name="test_06_firearms_registry_requires_auth" time="0.150" /><testcase classname="tests.test_firearms_fees.TestFirearmsFeesAPIs" name="test_07_firearms_registry_returns_correct_structure" time="0.065" /><testcase classname="tests.test_firearms_fees.TestFirearmsFeesAPIs" name="test_08_firearms_registry_filters_work" time="0.180" /><testcase classname="tests.test_firearms_fees.TestFirearmsFeesAPIs" name="test_09_citizen_firearms_list_requires_auth" time="0.108" /><testcase classname="tests.test_firearms_fees.TestFirearmsFeesAPIs" name="test_10_citizen_firearms_list_returns_correct_structure" time="0.063" /><testcase classname="tests.test_firearms_fees.TestFirearmsFeesAPIs" name="test_11_citizen_register_firearm" time="0.080" /><testcase classname="tests.test_firearms_fees.TestFirearmsFeesAPIs" name="test_12_citizen_get_firearm_details" time="0.054" /><testcase classname="tests.test_firearms_fees.TestFirearmsFeesAPIs" name="test_13_citizen_update_firearm" time="0.116" /><testcase classname="tests.test_firearms_fees.TestFirearmsFeesAPIs" name="test_14_duplicate_serial_number_rejected" time="0.139" /><testcase classname="tests.test_firearms_fees.TestFirearmsFeesAPIs" name="test_15_citizen_fees_summary_requires_auth" time="0.207" /><testcase classname="tests.test_firearms_fees.TestFirearmsFeesAPIs" name="test_16_citizen_fees_summary_returns_correct_structure" time="0.080" /><testcase classname="tests.test_firearms_fees.TestFirearmsFeesAPIs" name="test_17_fees_reflect_registered_firearms" time="0.066" /><testcase classname="tests.test_firearms_fees.TestFirearmsFeesAPIs" name="test_18_registered_firearm_appears_in_registry" time="0.060" /><testcase classname="tests.test_firearms_fees.TestFirearmsFeesAPIs" name="test_19_fees_overview_includes_new_firearm" time="0.057" /><testcase classname="tests.test_firearms_fees.TestFirearmsFeesAPIs" name="test_20_cleanup_test_firearm" time="0.065" /></testsuite></testsuites>