<?xml version="1.0" encoding="utf-8"?><testsuites name="pytest tests"><testsuite name="pytest" errors="0" failures="0" skipped="0" tests="15" time="5.674" timestamp="2026-02-19T18:31:04.108200+00:00" hostname="agent-env-e279b45c-3da9-4c53-b3cb-13b81d9fd6ae"><testcase classname="backend.tests.test_formal_documents.TestDocumentTemplatesAPI" name="test_get_document_templates_returns_standard_templates" time="0.486" /><testcase classname="backend.tests.test_formal_documents.TestDocumentTemplatesAPI" name="test_get_document_templates_requires_auth" time="0.338" /><testcase classname="backend.tests.test_formal_documents.TestDocumentTemplatesAPI" name="test_create_custom_template" time="0.346" /><testcase classname="backend.tests.test_formal_documents.TestDocumentTemplatesAPI" name="test_update_template" time="0.564" /><testcase classname="backend.tests.test_formal_documents.TestDocumentTemplatesAPI" name="test_generate_pdf_preview" time="0.448" /><testcase classname="backend.tests.test_formal_documents.TestSendFormalDocuments" name="test_send_document_to_individual" time="0.338" /><testcase classname="backend.tests.test_formal_documents.TestSendFormalDocuments" name="test_send_document_to_role" time="0.211" /><testcase classname="backend.tests.test_formal_documents.TestSendFormalDocuments" name="test_get_all_sent_documents" time="0.217" /><testcase classname="backend.tests.test_formal_documents.TestSendFormalDocuments" name="test_get_document_statistics" time="0.257" /><testcase classname="backend.tests.test_formal_documents.TestCitizenDocumentsAPI" name="test_get_citizen_documents" time="0.283" /><testcase classname="backend.tests.test_formal_documents.TestCitizenDocumentsAPI" name="test_citizen_documents_requires_auth" time="0.441" /><testcase classname="backend.tests.test_formal_documents.TestCitizenDocumentsAPI" name="test_view_document_marks_as_read" time="0.379" /><testcase classname="backend.tests.test_formal_documents.TestCitizenDocumentsAPI" name="test_download_document_pdf" time="0.385" /><testcase classname="backend.tests.test_formal_documents.TestCitizenDocumentsAPI" name="test_archive_document" time="0.650" /><testcase classname="backend.tests.test_formal_documents.TestUserListForSendDialog" name="test_get_users_list_for_sending" time="0.247" /></testsuite></testsuites>