<?xml version="1.0" encoding="utf-8"?><testsuites name="pytest tests"><testsuite name="pytest" errors="0" failures="0" skipped="0" tests="12" time="3.346" timestamp="2026-02-19T22:05:50.314000+00:00" hostname="agent-env-598443d7-4fe9-4222-8d6f-5946f490fa28"><testcase classname="backend.tests.test_government_templates.TestGovernmentTemplatesAuth" name="test_admin_login_success" time="0.227" /><testcase classname="backend.tests.test_government_templates.TestGovernmentTemplatesAuth" name="test_admin_login_invalid_credentials" time="0.111" /><testcase classname="backend.tests.test_government_templates.TestDocumentTemplates" name="test_get_document_templates" time="0.539" /><testcase classname="backend.tests.test_government_templates.TestDocumentTemplates" name="test_templates_include_standard_templates" time="0.181" /><testcase classname="backend.tests.test_government_templates.TestDocumentTemplates" name="test_templates_filter_by_type" time="0.207" /><testcase classname="backend.tests.test_government_templates.TestUsersList" name="test_get_users_list" time="0.186" /><testcase classname="backend.tests.test_government_templates.TestUsersList" name="test_users_include_citizens_and_dealers" time="0.188" /><testcase classname="backend.tests.test_government_templates.TestDocumentSending" name="test_send_document_to_individual" time="0.554" /><testcase classname="backend.tests.test_government_templates.TestDocumentSending" name="test_send_document_to_all_citizens" time="0.282" /><testcase classname="backend.tests.test_government_templates.TestDocumentSending" name="test_send_document_invalid_template" time="0.169" /><testcase classname="backend.tests.test_government_templates.TestDocumentSending" name="test_send_document_no_recipients" time="0.357" /><testcase classname="backend.tests.test_government_templates.TestDocumentSending" name="test_send_certificate_with_signature" time="0.278" /></testsuite></testsuites>