<?xml version="1.0" encoding="utf-8"?><testsuites name="pytest tests"><testsuite name="pytest" errors="0" failures="0" skipped="0" tests="17" time="13.914" timestamp="2026-02-18T16:03:15.228611+00:00" hostname="agent-env-9f89bcbd-8965-471f-88c1-d4c6f2a86321"><testcase classname="backend.tests.test_inventory.TestInventoryAPI" name="test_get_inventory_list" time="0.676" /><testcase classname="backend.tests.test_inventory.TestInventoryAPI" name="test_get_inventory_with_search" time="0.669" /><testcase classname="backend.tests.test_inventory.TestInventoryAPI" name="test_get_inventory_with_category_filter" time="0.658" /><testcase classname="backend.tests.test_inventory.TestInventoryAPI" name="test_create_inventory_item" time="1.007" /><testcase classname="backend.tests.test_inventory.TestInventoryAPI" name="test_create_item_with_duplicate_sku_fails" time="0.850" /><testcase classname="backend.tests.test_inventory.TestInventoryAPI" name="test_update_inventory_item" time="0.890" /><testcase classname="backend.tests.test_inventory.TestInventoryAPI" name="test_delete_inventory_item" time="0.878" /><testcase classname="backend.tests.test_inventory.TestInventoryAPI" name="test_adjust_stock" time="1.040" /><testcase classname="backend.tests.test_inventory.TestInventoryAPI" name="test_get_movement_history" time="0.557" /><testcase classname="backend.tests.test_inventory.TestInventoryAPI" name="test_get_reorder_alerts" time="0.627" /><testcase classname="backend.tests.test_inventory.TestInventoryAPI" name="test_low_stock_creates_alert" time="1.192" /><testcase classname="backend.tests.test_inventory.TestInventoryAPI" name="test_export_inventory_csv" time="0.627" /><testcase classname="backend.tests.test_inventory.TestInventoryAPI" name="test_get_inventory_valuation" time="0.620" /><testcase classname="backend.tests.test_inventory.TestInventoryAPI" name="test_scan_sku_barcode_found" time="0.790" /><testcase classname="backend.tests.test_inventory.TestInventoryAPI" name="test_scan_sku_barcode_not_found" time="0.544" /><testcase classname="backend.tests.test_inventory.TestInventoryAPI" name="test_link_to_marketplace" time="1.095" /><testcase classname="backend.tests.test_inventory.TestInventoryAPI" name="test_unlink_from_marketplace" time="1.137" /></testsuite></testsuites>