<?xml version="1.0" encoding="utf-8"?><testsuites name="pytest tests"><testsuite name="pytest" errors="0" failures="2" skipped="0" tests="17" time="15.834" timestamp="2026-02-18T16:01:41.482014+00:00" hostname="agent-env-9f89bcbd-8965-471f-88c1-d4c6f2a86321"><testcase classname="backend.tests.test_inventory.TestInventoryAPI" name="test_get_inventory_list" time="0.789" /><testcase classname="backend.tests.test_inventory.TestInventoryAPI" name="test_get_inventory_with_search" time="0.949" /><testcase classname="backend.tests.test_inventory.TestInventoryAPI" name="test_get_inventory_with_category_filter" time="0.599" /><testcase classname="backend.tests.test_inventory.TestInventoryAPI" name="test_create_inventory_item" time="1.163" /><testcase classname="backend.tests.test_inventory.TestInventoryAPI" name="test_create_item_with_duplicate_sku_fails" time="0.977" /><testcase classname="backend.tests.test_inventory.TestInventoryAPI" name="test_update_inventory_item" time="1.416" /><testcase classname="backend.tests.test_inventory.TestInventoryAPI" name="test_delete_inventory_item" time="1.066" /><testcase classname="backend.tests.test_inventory.TestInventoryAPI" name="test_adjust_stock" time="1.409" /><testcase classname="backend.tests.test_inventory.TestInventoryAPI" name="test_get_movement_history" time="0.654" /><testcase classname="backend.tests.test_inventory.TestInventoryAPI" name="test_get_reorder_alerts" time="0.574" /><testcase classname="backend.tests.test_inventory.TestInventoryAPI" name="test_low_stock_creates_alert" time="0.947"><failure message="assert 520 == 200&#10; +  where 520 = &lt;Response [520]&gt;.status_code">backend/tests/test_inventory.py:348: in test_low_stock_creates_alert
    assert create_response.status_code == 200
E   assert 520 == 200
E    +  where 520 = &lt;Response [520]&gt;.status_code</failure></testcase><testcase classname="backend.tests.test_inventory.TestInventoryAPI" name="test_export_inventory_csv" time="0.527" /><testcase classname="backend.tests.test_inventory.TestInventoryAPI" name="test_get_inventory_valuation" time="0.595" /><testcase classname="backend.tests.test_inventory.TestInventoryAPI" name="test_scan_sku_barcode_found" time="0.942" /><testcase classname="backend.tests.test_inventory.TestInventoryAPI" name="test_scan_sku_barcode_not_found" time="0.677" /><testcase classname="backend.tests.test_inventory.TestInventoryAPI" name="test_link_to_marketplace" time="1.330" /><testcase classname="backend.tests.test_inventory.TestInventoryAPI" name="test_unlink_from_marketplace" time="1.103"><failure message="assert 520 == 200&#10; +  where 520 = &lt;Response [520]&gt;.status_code">backend/tests/test_inventory.py:536: in test_unlink_from_marketplace
    assert link_response.status_code == 200
E   assert 520 == 200
E    +  where 520 = &lt;Response [520]&gt;.status_code</failure></testcase></testsuite></testsuites>