<?xml version="1.0" encoding="utf-8"?><testsuites name="pytest tests"><testsuite name="pytest" errors="0" failures="0" skipped="0" tests="24" time="6.637" timestamp="2026-02-19T14:00:35.723388+00:00" hostname="agent-env-8acac477-68e7-44f8-83bc-672495827ebb"><testcase classname="tests.test_notifications.TestGovernmentNotifications" name="test_get_notification_stats" time="0.343" /><testcase classname="tests.test_notifications.TestGovernmentNotifications" name="test_get_users_list" time="0.212" /><testcase classname="tests.test_notifications.TestGovernmentNotifications" name="test_get_users_list_by_role" time="0.222" /><testcase classname="tests.test_notifications.TestGovernmentNotifications" name="test_send_notification_to_all" time="0.207" /><testcase classname="tests.test_notifications.TestGovernmentNotifications" name="test_send_notification_to_citizens" time="0.243" /><testcase classname="tests.test_notifications.TestGovernmentNotifications" name="test_send_notification_to_dealers" time="0.192" /><testcase classname="tests.test_notifications.TestGovernmentNotifications" name="test_send_notification_to_specific_user" time="0.193" /><testcase classname="tests.test_notifications.TestGovernmentNotifications" name="test_send_notification_validation" time="0.220" /><testcase classname="tests.test_notifications.TestGovernmentNotifications" name="test_get_triggers" time="0.268" /><testcase classname="tests.test_notifications.TestGovernmentNotifications" name="test_create_trigger" time="0.216" /><testcase classname="tests.test_notifications.TestGovernmentNotifications" name="test_update_trigger" time="0.505" /><testcase classname="tests.test_notifications.TestGovernmentNotifications" name="test_toggle_trigger_enabled" time="0.365" /><testcase classname="tests.test_notifications.TestGovernmentNotifications" name="test_delete_trigger" time="0.346" /><testcase classname="tests.test_notifications.TestGovernmentNotifications" name="test_delete_trigger_not_found" time="0.206" /><testcase classname="tests.test_notifications.TestGovernmentNotifications" name="test_test_trigger" time="0.259" /><testcase classname="tests.test_notifications.TestGovernmentNotifications" name="test_get_templates" time="0.240" /><testcase classname="tests.test_notifications.TestGovernmentNotifications" name="test_create_template" time="0.178" /><testcase classname="tests.test_notifications.TestGovernmentNotifications" name="test_delete_template" time="0.455" /><testcase classname="tests.test_notifications.TestGovernmentNotifications" name="test_delete_template_not_found" time="0.174" /><testcase classname="tests.test_notifications.TestGovernmentNotifications" name="test_get_notification_history" time="0.215" /><testcase classname="tests.test_notifications.TestGovernmentNotifications" name="test_get_notification_history_by_category" time="0.235" /><testcase classname="tests.test_notifications.TestGovernmentNotifications" name="test_endpoints_require_auth" time="0.676" /><testcase classname="tests.test_notifications.TestCitizenNotifications" name="test_citizen_cannot_access_government_endpoints" time="0.189" /><testcase classname="tests.test_notifications.TestCitizenNotifications" name="test_citizen_can_view_own_notifications" time="0.190" /></testsuite></testsuites>