<?xml version="1.0" encoding="utf-8"?><testsuites name="pytest tests"><testsuite name="pytest" errors="0" failures="0" skipped="0" tests="17" time="5.884" timestamp="2026-02-20T15:04:53.373887+00:00" hostname="agent-env-f1cea6e6-4b07-431b-9488-a90117e726c6"><testcase classname="backend.tests.test_policies.TestPoliciesAPI" name="test_get_policies_returns_default" time="0.431" /><testcase classname="backend.tests.test_policies.TestPoliciesAPI" name="test_policies_contains_all_categories" time="0.311" /><testcase classname="backend.tests.test_policies.TestPoliciesAPI" name="test_update_policies" time="0.353" /><testcase classname="backend.tests.test_policies.TestPoliciesAPI" name="test_update_policies_deep_merge" time="0.407" /><testcase classname="backend.tests.test_policies.TestPolicyPresets" name="test_apply_strict_preset" time="0.368" /><testcase classname="backend.tests.test_policies.TestPolicyPresets" name="test_apply_standard_preset" time="0.320" /><testcase classname="backend.tests.test_policies.TestPolicyPresets" name="test_apply_permissive_preset" time="0.428" /><testcase classname="backend.tests.test_policies.TestPolicyPresets" name="test_apply_invalid_preset_returns_400" time="0.286" /><testcase classname="backend.tests.test_policies.TestSupportedCurrencies" name="test_get_currencies_returns_15" time="0.302" /><testcase classname="backend.tests.test_policies.TestSupportedCurrencies" name="test_currencies_have_required_fields" time="0.268" /><testcase classname="backend.tests.test_policies.TestAccreditedHospitals" name="test_get_hospitals" time="0.296" /><testcase classname="backend.tests.test_policies.TestAccreditedHospitals" name="test_create_hospital" time="0.464" /><testcase classname="backend.tests.test_policies.TestAccreditedHospitals" name="test_update_hospital" time="0.544" /><testcase classname="backend.tests.test_policies.TestAccreditedHospitals" name="test_delete_hospital_deactivates" time="0.405" /><testcase classname="backend.tests.test_policies.TestComplianceStatus" name="test_get_compliance_status" time="0.334" /><testcase classname="backend.tests.test_policies.TestUnauthorizedAccess" name="test_policies_requires_auth" time="0.134" /><testcase classname="backend.tests.test_policies.TestUnauthorizedAccess" name="test_currencies_requires_auth" time="0.130" /></testsuite></testsuites>