<?xml version="1.0" encoding="utf-8"?><testsuites name="pytest tests"><testsuite name="pytest" errors="0" failures="0" skipped="0" tests="23" time="9.383" timestamp="2026-02-13T23:02:18.012700+00:00" hostname="agent-env-a82d6891-eea9-42aa-82e6-f78c7ff50edc"><testcase classname="backend.tests.test_predictive_analytics.TestPredictiveAnalyticsDashboard" name="test_predictive_dashboard_returns_200" time="0.415" /><testcase classname="backend.tests.test_predictive_analytics.TestPredictiveAnalyticsDashboard" name="test_predictive_dashboard_structure" time="0.447" /><testcase classname="backend.tests.test_predictive_analytics.TestPredictiveAnalyticsDashboard" name="test_predictive_dashboard_summary" time="0.469" /><testcase classname="backend.tests.test_predictive_analytics.TestPredictiveAnalyticsDashboard" name="test_predictive_dashboard_trajectory_distribution" time="0.695" /><testcase classname="backend.tests.test_predictive_analytics.TestPredictiveAnalyticsDashboard" name="test_predictive_dashboard_risk_distribution" time="0.830" /><testcase classname="backend.tests.test_predictive_analytics.TestPredictiveAnalyticsDashboard" name="test_predictive_dashboard_common_risk_factors" time="0.527" /><testcase classname="backend.tests.test_predictive_analytics.TestPredictiveAnalyticsDashboard" name="test_predictive_dashboard_regional_analysis" time="0.416" /><testcase classname="backend.tests.test_predictive_analytics.TestPredictiveAnalyticsDashboard" name="test_predictive_dashboard_requires_auth" time="0.443" /><testcase classname="backend.tests.test_predictive_analytics.TestPredictiveAnalyticsDashboard" name="test_predictive_dashboard_requires_admin" time="0.703" /><testcase classname="backend.tests.test_predictive_analytics.TestRunPredictiveAnalysis" name="test_run_analysis_returns_200" time="0.279" /><testcase classname="backend.tests.test_predictive_analytics.TestRunPredictiveAnalysis" name="test_run_analysis_response_structure" time="0.255" /><testcase classname="backend.tests.test_predictive_analytics.TestThresholdsAPI" name="test_get_thresholds_returns_200" time="0.265" /><testcase classname="backend.tests.test_predictive_analytics.TestThresholdsAPI" name="test_get_thresholds_includes_demo_thresholds" time="0.235" /><testcase classname="backend.tests.test_predictive_analytics.TestThresholdsAPI" name="test_create_threshold_returns_success" time="0.483" /><testcase classname="backend.tests.test_predictive_analytics.TestThresholdsAPI" name="test_update_threshold_works" time="0.513" /><testcase classname="backend.tests.test_predictive_analytics.TestThresholdsAPI" name="test_delete_threshold_works" time="0.522" /><testcase classname="backend.tests.test_predictive_analytics.TestThresholdCheck" name="test_run_threshold_check_returns_200" time="0.295" /><testcase classname="backend.tests.test_predictive_analytics.TestThresholdCheck" name="test_run_threshold_check_response_structure" time="0.250" /><testcase classname="backend.tests.test_predictive_analytics.TestPreventiveWarnings" name="test_get_preventive_warnings_returns_200" time="0.279" /><testcase classname="backend.tests.test_predictive_analytics.TestPreventiveWarnings" name="test_preventive_warnings_can_filter_by_status" time="0.277" /><testcase classname="backend.tests.test_predictive_analytics.TestCitizenWarnings" name="test_citizen_can_get_their_warnings" time="0.328" /><testcase classname="backend.tests.test_predictive_analytics.TestCitizenWarnings" name="test_citizen_warnings_requires_auth" time="0.136" /><testcase classname="backend.tests.test_predictive_analytics.TestPredictiveCitizenAnalysis" name="test_get_citizen_prediction" time="0.261" /></testsuite></testsuites>