<?xml version="1.0" encoding="utf-8"?><testsuites name="pytest tests"><testsuite name="pytest" errors="0" failures="0" skipped="0" tests="14" time="3.316" timestamp="2026-02-13T22:32:17.973014+00:00" hostname="agent-env-a82d6891-eea9-42aa-82e6-f78c7ff50edc"><testcase classname="backend.tests.test_government_dashboard.TestGovernmentDashboardAPIs" name="test_dashboard_summary_endpoint" time="1.076" /><testcase classname="backend.tests.test_government_dashboard.TestGovernmentDashboardAPIs" name="test_revenue_analytics_endpoint" time="0.060" /><testcase classname="backend.tests.test_government_dashboard.TestGovernmentDashboardAPIs" name="test_training_analytics_endpoint" time="0.065" /><testcase classname="backend.tests.test_government_dashboard.TestGovernmentDashboardAPIs" name="test_dealer_analytics_endpoint" time="0.122" /><testcase classname="backend.tests.test_government_dashboard.TestGovernmentDashboardAPIs" name="test_compliance_analytics_endpoint" time="0.063" /><testcase classname="backend.tests.test_government_dashboard.TestGovernmentDashboardAPIs" name="test_active_alerts_endpoint" time="0.058" /><testcase classname="backend.tests.test_government_dashboard.TestGovernmentDashboardAPIs" name="test_acknowledge_alert" time="0.141" /><testcase classname="backend.tests.test_government_dashboard.TestGovernmentDashboardAPIs" name="test_intervene_warning_action" time="0.143" /><testcase classname="backend.tests.test_government_dashboard.TestGovernmentDashboardAPIs" name="test_get_all_courses" time="0.077" /><testcase classname="backend.tests.test_government_dashboard.TestGovernmentDashboardAPIs" name="test_create_course" time="0.079" /><testcase classname="backend.tests.test_government_dashboard.TestGovernmentDashboardAPIs" name="test_get_alert_thresholds" time="0.056" /><testcase classname="backend.tests.test_government_dashboard.TestGovernmentDashboardAPIs" name="test_unauthorized_access_without_auth" time="0.549" /><testcase classname="backend.tests.test_government_dashboard.TestGovernmentDashboardAPIs" name="test_citizen_cannot_access_government_endpoints" time="0.193" /><testcase classname="backend.tests.test_government_dashboard.TestDataIntegrity" name="test_dashboard_summary_matches_analytics" time="0.494" /></testsuite></testsuites>