<?xml version="1.0" encoding="utf-8"?><testsuites name="pytest tests"><testsuite name="pytest" errors="0" failures="0" skipped="0" tests="24" time="5.785" timestamp="2026-02-19T12:50:34.801509+00:00" hostname="agent-env-8acac477-68e7-44f8-83bc-672495827ebb"><testcase classname="backend.tests.test_review_system.TestPublicEndpoints" name="test_license_application_submit" time="1.167" /><testcase classname="backend.tests.test_review_system.TestPublicEndpoints" name="test_license_application_missing_fields" time="0.138" /><testcase classname="backend.tests.test_review_system.TestPublicEndpoints" name="test_dealer_certification_submit" time="0.121" /><testcase classname="backend.tests.test_review_system.TestPublicEndpoints" name="test_dealer_certification_missing_consent" time="0.106" /><testcase classname="backend.tests.test_review_system.TestPublicEndpoints" name="test_report_violation_submit" time="0.116" /><testcase classname="backend.tests.test_review_system.TestPublicEndpoints" name="test_report_violation_anonymous" time="0.123" /><testcase classname="backend.tests.test_review_system.TestPublicEndpoints" name="test_report_violation_missing_description" time="0.109" /><testcase classname="backend.tests.test_review_system.TestAdminReviewEndpoints" name="test_get_pending_reviews_count" time="0.176" /><testcase classname="backend.tests.test_review_system.TestAdminReviewEndpoints" name="test_get_reviews_list" time="0.184" /><testcase classname="backend.tests.test_review_system.TestAdminReviewEndpoints" name="test_get_reviews_filter_by_status" time="0.179" /><testcase classname="backend.tests.test_review_system.TestAdminReviewEndpoints" name="test_get_reviews_filter_by_type" time="0.154" /><testcase classname="backend.tests.test_review_system.TestAdminReviewEndpoints" name="test_get_reviews_filter_by_region" time="0.181" /><testcase classname="backend.tests.test_review_system.TestAdminReviewEndpoints" name="test_get_review_detail" time="0.247" /><testcase classname="backend.tests.test_review_system.TestAdminReviewEndpoints" name="test_get_review_detail_not_found" time="0.199" /><testcase classname="backend.tests.test_review_system.TestAdminReviewEndpoints" name="test_update_review_status" time="0.288" /><testcase classname="backend.tests.test_review_system.TestAdminReviewEndpoints" name="test_approve_review" time="0.257" /><testcase classname="backend.tests.test_review_system.TestAdminReviewEndpoints" name="test_reject_review" time="0.268" /><testcase classname="backend.tests.test_review_system.TestAdminReviewEndpoints" name="test_add_note_to_review" time="0.303" /><testcase classname="backend.tests.test_review_system.TestCitizenReviewEndpoints" name="test_submit_license_renewal" time="0.239" /><testcase classname="backend.tests.test_review_system.TestCitizenReviewEndpoints" name="test_submit_license_renewal_with_address_change" time="0.151" /><testcase classname="backend.tests.test_review_system.TestCitizenReviewEndpoints" name="test_submit_appeal" time="0.151" /><testcase classname="backend.tests.test_review_system.TestCitizenReviewEndpoints" name="test_submit_appeal_missing_required_fields" time="0.190" /><testcase classname="backend.tests.test_review_system.TestCitizenReviewEndpoints" name="test_get_my_reviews" time="0.171" /><testcase classname="backend.tests.test_review_system.TestReviewSystemIntegration" name="test_complete_license_application_workflow" time="0.496" /></testsuite></testsuites>