<?xml version="1.0" encoding="utf-8"?><testsuites name="pytest tests"><testsuite name="pytest" errors="0" failures="0" skipped="0" tests="16" time="6.966" timestamp="2026-02-19T15:08:14.639903+00:00" hostname="agent-env-e279b45c-3da9-4c53-b3cb-13b81d9fd6ae"><testcase classname="backend.tests.test_notification_scheduler.TestNotificationScheduler" name="test_get_scheduler_status" time="0.538" /><testcase classname="backend.tests.test_notification_scheduler.TestNotificationScheduler" name="test_scheduler_status_shows_trigger_details" time="0.293" /><testcase classname="backend.tests.test_notification_scheduler.TestNotificationScheduler" name="test_start_scheduler" time="0.473" /><testcase classname="backend.tests.test_notification_scheduler.TestNotificationScheduler" name="test_start_scheduler_when_already_running" time="0.447" /><testcase classname="backend.tests.test_notification_scheduler.TestNotificationScheduler" name="test_stop_scheduler" time="0.395" /><testcase classname="backend.tests.test_notification_scheduler.TestNotificationScheduler" name="test_stop_scheduler_when_not_running" time="0.302" /><testcase classname="backend.tests.test_notification_scheduler.TestNotificationScheduler" name="test_execute_single_trigger" time="0.363" /><testcase classname="backend.tests.test_notification_scheduler.TestNotificationScheduler" name="test_execute_nonexistent_trigger" time="0.444" /><testcase classname="backend.tests.test_notification_scheduler.TestNotificationScheduler" name="test_run_all_triggers" time="0.252" /><testcase classname="backend.tests.test_notification_scheduler.TestNotificationScheduler" name="test_get_executions_history" time="0.306" /><testcase classname="backend.tests.test_notification_scheduler.TestNotificationScheduler" name="test_get_executions_filter_by_trigger_id" time="0.310" /><testcase classname="backend.tests.test_notification_scheduler.TestNotificationScheduler" name="test_get_executions_filter_by_status" time="0.327" /><testcase classname="backend.tests.test_notification_scheduler.TestNotificationScheduler" name="test_get_executions_with_limit" time="0.202" /><testcase classname="backend.tests.test_notification_scheduler.TestNotificationScheduler" name="test_scheduler_endpoints_require_auth" time="0.643" /><testcase classname="backend.tests.test_notification_scheduler.TestNotificationScheduler" name="test_scheduler_endpoints_require_admin_role" time="0.692" /><testcase classname="backend.tests.test_notification_scheduler.TestTriggerExecutionFlow" name="test_e2e_create_execute_verify_trigger" time="0.817" /></testsuite></testsuites>